#
# A fatal error has been detected by the Java Runtime Environment:
#
#  EXCEPTION_ACCESS_VIOLATION (0xc0000005) at pc=0x00007ffa79f0cb00, pid=2444, tid=0x0000000000003714
#
# JRE version: Java(TM) SE Runtime Environment (8.0_391) (build 1.8.0_391-b13)
# Java VM: Java HotSpot(TM) 64-Bit Server VM (25.391-b13 mixed mode windows-amd64 compressed oops)
# Problematic frame:
# V  [jvm.dll+0xbcb00]
#
# Failed to write core dump. Minidumps are not enabled by default on client versions of Windows
#
# If you would like to submit a bug report, please visit:
#   http://bugreport.java.com/bugreport/crash.jsp
#

---------------  T H R E A D  ---------------

Current thread (0x000001ae586af000):  GCTaskThread [stack: 0x0000001bc8d00000,0x0000001bc8e00000] [id=14100]

siginfo: ExceptionCode=0xc0000005, reading address 0x00000005369c7f70

Registers:
RAX=0x000001ae699f0000, RBX=0x0000000081dc5648, RCX=0x0000000081dc5648, RDX=0x00000005369c7f68
RSP=0x0000001bc8dff2f8, RBP=0x0000000081dc6be8, RSI=0x000001ae586b4090, RDI=0x0000000081dc6b10
R8 =0x000000000000ee2b, R9 =0x000001ae586b4090, R10=0x0000000000000248, R11=0x0000000081dd56d0
R12=0x000000000000003e, R13=0x000001ae586af840, R14=0x000000000000003e, R15=0x0000000081dc6ae0
RIP=0x00007ffa79f0cb00, EFLAGS=0x0000000000010202

Top of Stack: (sp=0x0000001bc8dff2f8)
0x0000001bc8dff2f8:   00007ffa79f6c587 0000000081dd56d0
0x0000001bc8dff308:   0000000081dc6be8 000001ae586b4090
0x0000001bc8dff318:   0000000000000006 0000000081dc6b10
0x0000001bc8dff328:   00007ffa79f98a0a 0000000081dc5648
0x0000001bc8dff338:   00007ffa79f7d8cf 00000000ea761808
0x0000001bc8dff348:   00007ffa7a245093 000001ae586abbe0
0x0000001bc8dff358:   000001ae586b4090 0000024f000000ba
0x0000001bc8dff368:   00007ffa7a24075e 0000000000000241
0x0000001bc8dff378:   00000250000000ba 0000000000000000
0x0000001bc8dff388:   00007ffa7a4a4728 000001ae586b4090
0x0000001bc8dff398:   0000000000000003 00000000ea761808
0x0000001bc8dff3a8:   00007ffa79f6d1c7 000001ae586abbe0
0x0000001bc8dff3b8:   00007ffa7a4a4728 000001ae586af830
0x0000001bc8dff3c8:   0000000000000000 000001ae713dbe30
0x0000001bc8dff3d8:   0000000000000000 000001ae586b4090
0x0000001bc8dff3e8:   00007ffa7a23e00f 0000000081dc6ae0 

Instructions: (pc=0x00007ffa79f0cb00)
0x00007ffa79f0cae0:   e9 03 48 c1 e8 03 41 23 c1 c3 49 8b 00 49 8b c8
0x00007ffa79f0caf0:   48 ff a0 f8 00 00 00 cc cc cc cc cc cc cc cc cc
0x00007ffa79f0cb00:   44 8b 42 08 4c 8b ca 45 85 c0 7e 0e 41 f6 c0 01
0x00007ffa79f0cb10:   75 55 41 c1 f8 03 41 8b c0 c3 79 4b 80 3d 8b a5 


Register to memory mapping:

RAX=0x000001ae699f0000 is an unknown value
RBX=0x0000000081dc5648 is pointing into object: 0x0000000081dc5638
org.jetbrains.kotlin.com.intellij.openapi.vfs.impl.jar.CoreJarVirtualFile 
 - klass: 'org/jetbrains/kotlin/com/intellij/openapi/vfs/impl/jar/CoreJarVirtualFile'
 - ---- fields (total size 6 words):
 - private volatile 'myUserMap' 'Lorg/jetbrains/kotlin/com/intellij/util/keyFMap/KeyFMap;' @12  a 'org/jetbrains/kotlin/com/intellij/util/keyFMap/EmptyFMap' (e98e0d70 21a4)
 - private final 'myLength' 'J' @16  8612 (21a4 0)
 - private final 'myTimestamp' 'J' @24  1699310964717 (a6d38fed 18b)
 - private final 'myHandler' 'Lorg/jetbrains/kotlin/com/intellij/openapi/vfs/impl/jar/CoreJarHandler;' @32  a 'org/jetbrains/kotlin/com/intellij/openapi/vfs/impl/jar/CoreJarHandler' (e9f5b7e8 ea62a768)
 - private final 'myName' 'Ljava/lang/CharSequence;' @36  a 'org/jetbrains/kotlin/com/intellij/util/text/ByteArrayCharSequence' (ea62a768 81dc33c0)
 - private final 'myParent' 'Lorg/jetbrains/kotlin/com/intellij/openapi/vfs/VirtualFile;' @40  a 'org/jetbrains/kotlin/com/intellij/openapi/vfs/impl/jar/CoreJarVirtualFile' (81dc33c0 e9af3980)
 - private 'myChildren' '[Lorg/jetbrains/kotlin/com/intellij/openapi/vfs/VirtualFile;' @44  a 'org/jetbrains/kotlin/com/intellij/openapi/vfs/VirtualFile'[0]  (e9af3980 4ea11d01)
RCX=0x0000000081dc5648 is pointing into object: 0x0000000081dc5638
org.jetbrains.kotlin.com.intellij.openapi.vfs.impl.jar.CoreJarVirtualFile 
 - klass: 'org/jetbrains/kotlin/com/intellij/openapi/vfs/impl/jar/CoreJarVirtualFile'
 - ---- fields (total size 6 words):
 - private volatile 'myUserMap' 'Lorg/jetbrains/kotlin/com/intellij/util/keyFMap/KeyFMap;' @12  a 'org/jetbrains/kotlin/com/intellij/util/keyFMap/EmptyFMap' (e98e0d70 21a4)
 - private final 'myLength' 'J' @16  8612 (21a4 0)
 - private final 'myTimestamp' 'J' @24  1699310964717 (a6d38fed 18b)
 - private final 'myHandler' 'Lorg/jetbrains/kotlin/com/intellij/openapi/vfs/impl/jar/CoreJarHandler;' @32  a 'org/jetbrains/kotlin/com/intellij/openapi/vfs/impl/jar/CoreJarHandler' (e9f5b7e8 ea62a768)
 - private final 'myName' 'Ljava/lang/CharSequence;' @36  a 'org/jetbrains/kotlin/com/intellij/util/text/ByteArrayCharSequence' (ea62a768 81dc33c0)
 - private final 'myParent' 'Lorg/jetbrains/kotlin/com/intellij/openapi/vfs/VirtualFile;' @40  a 'org/jetbrains/kotlin/com/intellij/openapi/vfs/impl/jar/CoreJarVirtualFile' (81dc33c0 e9af3980)
 - private 'myChildren' '[Lorg/jetbrains/kotlin/com/intellij/openapi/vfs/VirtualFile;' @44  a 'org/jetbrains/kotlin/com/intellij/openapi/vfs/VirtualFile'[0]  (e9af3980 4ea11d01)
RDX=0x00000005369c7f68 is an unknown value
RSP=0x0000001bc8dff2f8 is an unknown value
RBP=0x0000000081dc6be8 is an oop
org.jetbrains.kotlin.com.intellij.openapi.vfs.impl.jar.CoreJarVirtualFile 
 - klass: 'org/jetbrains/kotlin/com/intellij/openapi/vfs/impl/jar/CoreJarVirtualFile'
 - ---- fields (total size 6 words):
 - private volatile 'myUserMap' 'Lorg/jetbrains/kotlin/com/intellij/util/keyFMap/KeyFMap;' @12  a 'org/jetbrains/kotlin/com/intellij/util/keyFMap/EmptyFMap' (e98e0d70 d8d)
 - private final 'myLength' 'J' @16  3469 (d8d 0)
 - private final 'myTimestamp' 'J' @24  1699310964717 (a6d38fed 18b)
 - private final 'myHandler' 'Lorg/jetbrains/kotlin/com/intellij/openapi/vfs/impl/jar/CoreJarHandler;' @32  a 'org/jetbrains/kotlin/com/intellij/openapi/vfs/impl/jar/CoreJarHandler' (e9f5b7e8 ea08b4c0)
 - private final 'myName' 'Ljava/lang/CharSequence;' @36  a 'org/jetbrains/kotlin/com/intellij/util/text/ByteArrayCharSequence' (ea08b4c0 81dc6ab0)
 - private final 'myParent' 'Lorg/jetbrains/kotlin/com/intellij/openapi/vfs/VirtualFile;' @40  a 'org/jetbrains/kotlin/com/intellij/openapi/vfs/impl/jar/CoreJarVirtualFile' (81dc6ab0 e9af3980)
 - private 'myChildren' '[Lorg/jetbrains/kotlin/com/intellij/openapi/vfs/VirtualFile;' @44  a 'org/jetbrains/kotlin/com/intellij/openapi/vfs/VirtualFile'[0]  (e9af3980 bf2aa101)
RSI=0x000001ae586b4090 is an unknown value
RDI=0x0000000081dc6b10 is pointing into object: 0x0000000081dc6ae0
[Lorg.jetbrains.kotlin.com.intellij.openapi.vfs.VirtualFile; 
 - klass: 'org/jetbrains/kotlin/com/intellij/openapi/vfs/VirtualFile'[]
 - length: 62
R8 =0x000000000000ee2b is an unknown value
R9 =0x000001ae586b4090 is an unknown value
R10=0x0000000000000248 is an unknown value
R11=0x0000000081dd56d0 is an oop
org.jetbrains.kotlin.com.intellij.openapi.vfs.impl.jar.CoreJarVirtualFile 
 - klass: 'org/jetbrains/kotlin/com/intellij/openapi/vfs/impl/jar/CoreJarVirtualFile'
 - ---- fields (total size 6 words):
 - private volatile 'myUserMap' 'Lorg/jetbrains/kotlin/com/intellij/util/keyFMap/KeyFMap;' @12  a 'org/jetbrains/kotlin/com/intellij/util/keyFMap/EmptyFMap' (e98e0d70 154)
 - private final 'myLength' 'J' @16  340 (154 0)
 - private final 'myTimestamp' 'J' @24  1699310964717 (a6d38fed 18b)
 - private final 'myHandler' 'Lorg/jetbrains/kotlin/com/intellij/openapi/vfs/impl/jar/CoreJarHandler;' @32  a 'org/jetbrains/kotlin/com/intellij/openapi/vfs/impl/jar/CoreJarHandler' (e9f5b7e8 81dd5700)
 - private final 'myName' 'Ljava/lang/CharSequence;' @36  a 'org/jetbrains/kotlin/com/intellij/util/text/ByteArrayCharSequence' (81dd5700 81dc6ab0)
 - private final 'myParent' 'Lorg/jetbrains/kotlin/com/intellij/openapi/vfs/VirtualFile;' @40  a 'org/jetbrains/kotlin/com/intellij/openapi/vfs/impl/jar/CoreJarVirtualFile' (81dc6ab0 e9af3980)
 - private 'myChildren' '[Lorg/jetbrains/kotlin/com/intellij/openapi/vfs/VirtualFile;' @44  a 'org/jetbrains/kotlin/com/intellij/openapi/vfs/VirtualFile'[0]  (e9af3980 5)
R12=0x000000000000003e is an unknown value
R13=0x000001ae586af840 is an unknown value
R14=0x000000000000003e is an unknown value
R15=0x0000000081dc6ae0 is an oop
[Lorg.jetbrains.kotlin.com.intellij.openapi.vfs.VirtualFile; 
 - klass: 'org/jetbrains/kotlin/com/intellij/openapi/vfs/VirtualFile'[]
 - length: 62


Stack: [0x0000001bc8d00000,0x0000001bc8e00000],  sp=0x0000001bc8dff2f8,  free space=1020k
Native frames: (J=compiled Java code, j=interpreted, Vv=VM code, C=native code)
V  [jvm.dll+0xbcb00]


---------------  P R O C E S S  ---------------

Java Threads: ( => current thread )
  0x000001ae71f5d800 JavaThread "Cache worker for kotlin-dsl (C:\Users\Ragnar\.gradle\caches\8.0\kotlin-dsl)" [_thread_blocked, id=13372, stack(0x0000001bcb000000,0x0000001bcb100000)]
  0x000001ae71f5c800 JavaThread "Cache worker for execution history cache (C:\Users\Ragnar\.gradle\caches\8.0\executionHistory)" [_thread_blocked, id=12252, stack(0x0000001bcaf00000,0x0000001bcb000000)]
  0x000001ae71f59000 JavaThread "Cache worker for cache directory md-supplier (C:\Users\Ragnar\.gradle\caches\8.0\md-supplier)" [_thread_blocked, id=11548, stack(0x0000001bcae00000,0x0000001bcaf00000)]
  0x000001ae6fcea800 JavaThread "Cache worker for file hash cache (C:\Users\Ragnar\AndroidStudioProjects\AstrologiApp\.gradle\8.0\fileHashes)" [_thread_blocked, id=8140, stack(0x0000001bcad00000,0x0000001bcae00000)]
  0x000001ae6fce9000 JavaThread "Cache worker for file content cache (C:\Users\Ragnar\.gradle\caches\8.0\fileContent)" [_thread_blocked, id=14320, stack(0x0000001bcac00000,0x0000001bcad00000)]
  0x000001ae6fceb800 JavaThread "Cache worker for cache directory md-rule (C:\Users\Ragnar\.gradle\caches\8.0\md-rule)" [_thread_blocked, id=14144, stack(0x0000001bcab00000,0x0000001bcac00000)]
  0x000001ae6fced800 JavaThread "Cache worker for checksums cache (C:\Users\Ragnar\AndroidStudioProjects\AstrologiApp\.gradle\8.0\checksums)" [_thread_blocked, id=11232, stack(0x0000001bcaa00000,0x0000001bcab00000)]
  0x000001ae6fced000 JavaThread "File watcher consumer" daemon [_thread_blocked, id=8400, stack(0x0000001bca900000,0x0000001bcaa00000)]
  0x000001ae6fcea000 JavaThread "File watcher server" daemon [_thread_in_native, id=6492, stack(0x0000001bca800000,0x0000001bca900000)]
  0x000001ae6fcf0000 JavaThread "Cache worker for file hash cache (C:\Users\Ragnar\.gradle\caches\8.0\fileHashes)" [_thread_blocked, id=9956, stack(0x0000001bca700000,0x0000001bca800000)]
  0x000001ae6fcec000 JavaThread "File lock request listener" [_thread_in_native, id=13232, stack(0x0000001bca600000,0x0000001bca700000)]
  0x000001ae6fcef000 JavaThread "Cache worker for journal cache (C:\Users\Ragnar\.gradle\caches\journal-1)" [_thread_blocked, id=14068, stack(0x0000001bca500000,0x0000001bca600000)]
  0x000001ae717c6800 JavaThread "Daemon client event forwarder" [_thread_blocked, id=8164, stack(0x0000001bca400000,0x0000001bca500000)]
  0x000001ae717c5000 JavaThread "Stdin handler" [_thread_blocked, id=6648, stack(0x0000001bca300000,0x0000001bca400000)]
  0x000001ae717c4000 JavaThread "Asynchronous log dispatcher for DefaultDaemonConnection: socket connection from /127.0.0.1:52754 to /127.0.0.1:52755" [_thread_blocked, id=7652, stack(0x0000001bca200000,0x0000001bca300000)]
  0x000001ae717c0000 JavaThread "Daemon worker" [_thread_blocked, id=3200, stack(0x0000001bca100000,0x0000001bca200000)]
  0x000001ae717b3800 JavaThread "Cancel handler" [_thread_blocked, id=13188, stack(0x0000001bca000000,0x0000001bca100000)]
  0x000001ae71602800 JavaThread "Handler for socket connection from /127.0.0.1:52754 to /127.0.0.1:52755" [_thread_in_native, id=10132, stack(0x0000001bc9f00000,0x0000001bca000000)]
  0x000001ae71601000 JavaThread "Daemon" [_thread_blocked, id=12208, stack(0x0000001bc9e00000,0x0000001bc9f00000)]
  0x000001ae7174d800 JavaThread "Daemon periodic checks" [_thread_blocked, id=12184, stack(0x0000001bc9d00000,0x0000001bc9e00000)]
  0x000001ae7174c800 JavaThread "Incoming local TCP Connector on port 52754" [_thread_in_native, id=14228, stack(0x0000001bc9c00000,0x0000001bc9d00000)]
  0x000001ae711ee000 JavaThread "Daemon health stats" [_thread_blocked, id=5476, stack(0x0000001bc9b00000,0x0000001bc9c00000)]
  0x000001ae6eef7000 JavaThread "Service Thread" daemon [_thread_blocked, id=2020, stack(0x0000001bc9900000,0x0000001bc9a00000)]
  0x000001ae6ee76800 JavaThread "C1 CompilerThread2" daemon [_thread_blocked, id=8372, stack(0x0000001bc9800000,0x0000001bc9900000)]
  0x000001ae6ee70800 JavaThread "C2 CompilerThread1" daemon [_thread_blocked, id=4512, stack(0x0000001bc9700000,0x0000001bc9800000)]
  0x000001ae6ee6e000 JavaThread "C2 CompilerThread0" daemon [_thread_blocked, id=7460, stack(0x0000001bc9600000,0x0000001bc9700000)]
  0x000001ae6ee6a800 JavaThread "Attach Listener" daemon [_thread_blocked, id=12328, stack(0x0000001bc9500000,0x0000001bc9600000)]
  0x000001ae6ee69800 JavaThread "Signal Dispatcher" daemon [_thread_blocked, id=14240, stack(0x0000001bc9400000,0x0000001bc9500000)]
  0x000001ae6e71b800 JavaThread "Finalizer" daemon [_thread_blocked, id=12756, stack(0x0000001bc9300000,0x0000001bc9400000)]
  0x000001ae6ee45800 JavaThread "Reference Handler" daemon [_thread_blocked, id=11796, stack(0x0000001bc9200000,0x0000001bc9300000)]
  0x000001ae5869b000 JavaThread "main" [_thread_blocked, id=6912, stack(0x0000001bc8c00000,0x0000001bc8d00000)]

Other Threads:
  0x000001ae6ee24000 VMThread [stack: 0x0000001bc9100000,0x0000001bc9200000] [id=13668]
  0x000001ae6ef0f800 WatcherThread [stack: 0x0000001bc9a00000,0x0000001bc9b00000] [id=12284]

=>0x000001ae586af000 (exited) GCTaskThread [stack: 0x0000001bc8d00000,0x0000001bc8e00000] [id=14100]

VM state:at safepoint (normal execution)

VM Mutex/Monitor currently owned by a thread:  ([mutex/lock_event])
[0x000001ae58693910] Threads_lock - owner thread: 0x000001ae6ee24000
[0x000001ae58693290] Heap_lock - owner thread: 0x000001ae6ee76800
[0x000001ae58694210] MethodData_lock - owner thread: 0x000001ae6ee76800

heap address: 0x0000000080000000, size: 2048 MB, Compressed Oops mode: 32-bit
Narrow klass base: 0x0000000000000000, Narrow klass shift: 3
Compressed class space size: 1073741824 Address: 0x0000000100000000

Heap:
 PSYoungGen      total 360448K, used 24270K [0x00000000d5580000, 0x00000000f5a80000, 0x0000000100000000)
  eden space 330240K, 0% used [0x00000000d5580000,0x00000000d5580000,0x00000000e9800000)
  from space 30208K, 80% used [0x00000000e9800000,0x00000000eafb3860,0x00000000eb580000)
  to   space 32768K, 0% used [0x00000000f3a80000,0x00000000f3a80000,0x00000000f5a80000)
 ParOldGen       total 140288K, used 41278K [0x0000000080000000, 0x0000000088900000, 0x00000000d5580000)
  object space 140288K, 29% used [0x0000000080000000,0x000000008284f9e0,0x0000000088900000)
 Metaspace       used 56730K, capacity 58847K, committed 59096K, reserved 1099776K
  class space    used 8142K, capacity 8597K, committed 8664K, reserved 1048576K

Card table byte_map: [0x000001ae69330000,0x000001ae69740000] byte_map_base: 0x000001ae68f30000

Marking Bits: (ParMarkBitMap*) 0x00007ffa7a686040
 Begin Bits: [0x000001ae699f0000, 0x000001ae6b9f0000)
 End Bits:   [0x000001ae6b9f0000, 0x000001ae6d9f0000)

Polling page: 0x000001ae58770000

CodeCache: size=245760Kb used=12807Kb max_used=12817Kb free=232952Kb
 bounds [0x000001ae59f70000, 0x000001ae5ac00000, 0x000001ae68f70000]
 total_blobs=4249 nmethods=3685 adapters=476
 compilation: enabled

Compilation events (10 events):
Event: 8.045 Thread 0x000001ae6ee76800 nmethod 3730 0x000001ae5abf6990 code [0x000001ae5abf6b20, 0x000001ae5abf6ef0]
Event: 8.049 Thread 0x000001ae6ee76800 3731       3       java.lang.Class$MethodArray::add (72 bytes)
Event: 8.050 Thread 0x000001ae6ee76800 nmethod 3731 0x000001ae5abf7110 code [0x000001ae5abf72c0, 0x000001ae5abf7be0]
Event: 8.051 Thread 0x000001ae6ee76800 3732       3       java.lang.Class$MethodArray::addIfNotPresent (47 bytes)
Event: 8.051 Thread 0x000001ae6ee76800 nmethod 3732 0x000001ae5abf7e90 code [0x000001ae5abf8020, 0x000001ae5abf8420]
Event: 8.052 Thread 0x000001ae6ee70800 3734       4       java.nio.HeapByteBuffer::get (14 bytes)
Event: 8.052 Thread 0x000001ae6ee70800 nmethod 3734 0x000001ae5abfb690 code [0x000001ae5abfb7c0, 0x000001ae5abfb898]
Event: 8.053 Thread 0x000001ae6ee76800 3735       3       sun.reflect.generics.reflectiveObjects.TypeVariableImpl::hashCode (16 bytes)
Event: 8.053 Thread 0x000001ae6ee76800 nmethod 3735 0x000001ae5abfb150 code [0x000001ae5abfb2c0, 0x000001ae5abfb5a0]
Event: 8.062 Thread 0x000001ae6ee76800 3736       3       org.jetbrains.kotlin.container.CacheKt::getSetterInfos (154 bytes)

GC Heap History (10 events):
Event: 4.529 GC heap after
Heap after GC invocations=7 (full 1):
 PSYoungGen      total 233472K, used 7488K [0x00000000d5580000, 0x00000000e4800000, 0x0000000100000000)
  eden space 220672K, 0% used [0x00000000d5580000,0x00000000d5580000,0x00000000e2d00000)
  from space 12800K, 58% used [0x00000000e3b80000,0x00000000e42d0000,0x00000000e4800000)
  to   space 13824K, 0% used [0x00000000e2d00000,0x00000000e2d00000,0x00000000e3a80000)
 ParOldGen       total 95232K, used 10598K [0x0000000080000000, 0x0000000085d00000, 0x00000000d5580000)
  object space 95232K, 11% used [0x0000000080000000,0x0000000080a59b70,0x0000000085d00000)
 Metaspace       used 33450K, capacity 35342K, committed 35456K, reserved 1079296K
  class space    used 4816K, capacity 5187K, committed 5248K, reserved 1048576K
}
Event: 4.529 GC heap before
{Heap before GC invocations=8 (full 2):
 PSYoungGen      total 233472K, used 7488K [0x00000000d5580000, 0x00000000e4800000, 0x0000000100000000)
  eden space 220672K, 0% used [0x00000000d5580000,0x00000000d5580000,0x00000000e2d00000)
  from space 12800K, 58% used [0x00000000e3b80000,0x00000000e42d0000,0x00000000e4800000)
  to   space 13824K, 0% used [0x00000000e2d00000,0x00000000e2d00000,0x00000000e3a80000)
 ParOldGen       total 95232K, used 10598K [0x0000000080000000, 0x0000000085d00000, 0x00000000d5580000)
  object space 95232K, 11% used [0x0000000080000000,0x0000000080a59b70,0x0000000085d00000)
 Metaspace       used 33450K, capacity 35342K, committed 35456K, reserved 1079296K
  class space    used 4816K, capacity 5187K, committed 5248K, reserved 1048576K
Event: 4.563 GC heap after
Heap after GC invocations=8 (full 2):
 PSYoungGen      total 233472K, used 0K [0x00000000d5580000, 0x00000000e4800000, 0x0000000100000000)
  eden space 220672K, 0% used [0x00000000d5580000,0x00000000d5580000,0x00000000e2d00000)
  from space 12800K, 0% used [0x00000000e3b80000,0x00000000e3b80000,0x00000000e4800000)
  to   space 13824K, 0% used [0x00000000e2d00000,0x00000000e2d00000,0x00000000e3a80000)
 ParOldGen       total 140288K, used 14582K [0x0000000080000000, 0x0000000088900000, 0x00000000d5580000)
  object space 140288K, 10% used [0x0000000080000000,0x0000000080e3da78,0x0000000088900000)
 Metaspace       used 33450K, capacity 35342K, committed 35456K, reserved 1079296K
  class space    used 4816K, capacity 5187K, committed 5248K, reserved 1048576K
}
Event: 5.691 GC heap before
{Heap before GC invocations=9 (full 2):
 PSYoungGen      total 233472K, used 220672K [0x00000000d5580000, 0x00000000e4800000, 0x0000000100000000)
  eden space 220672K, 100% used [0x00000000d5580000,0x00000000e2d00000,0x00000000e2d00000)
  from space 12800K, 0% used [0x00000000e3b80000,0x00000000e3b80000,0x00000000e4800000)
  to   space 13824K, 0% used [0x00000000e2d00000,0x00000000e2d00000,0x00000000e3a80000)
 ParOldGen       total 140288K, used 14582K [0x0000000080000000, 0x0000000088900000, 0x00000000d5580000)
  object space 140288K, 10% used [0x0000000080000000,0x0000000080e3da78,0x0000000088900000)
 Metaspace       used 46652K, capacity 48682K, committed 48896K, reserved 1091584K
  class space    used 6935K, capacity 7393K, committed 7424K, reserved 1048576K
Event: 5.709 GC heap after
Heap after GC invocations=9 (full 2):
 PSYoungGen      total 234496K, used 13806K [0x00000000d5580000, 0x00000000ec900000, 0x0000000100000000)
  eden space 220672K, 0% used [0x00000000d5580000,0x00000000d5580000,0x00000000e2d00000)
  from space 13824K, 99% used [0x00000000e2d00000,0x00000000e3a7baf8,0x00000000e3a80000)
  to   space 19968K, 0% used [0x00000000eb580000,0x00000000eb580000,0x00000000ec900000)
 ParOldGen       total 140288K, used 23910K [0x0000000080000000, 0x0000000088900000, 0x00000000d5580000)
  object space 140288K, 17% used [0x0000000080000000,0x0000000081759a90,0x0000000088900000)
 Metaspace       used 46652K, capacity 48682K, committed 48896K, reserved 1091584K
  class space    used 6935K, capacity 7393K, committed 7424K, reserved 1048576K
}
Event: 7.810 GC heap before
{Heap before GC invocations=10 (full 2):
 PSYoungGen      total 234496K, used 234478K [0x00000000d5580000, 0x00000000ec900000, 0x0000000100000000)
  eden space 220672K, 100% used [0x00000000d5580000,0x00000000e2d00000,0x00000000e2d00000)
  from space 13824K, 99% used [0x00000000e2d00000,0x00000000e3a7baf8,0x00000000e3a80000)
  to   space 19968K, 0% used [0x00000000eb580000,0x00000000eb580000,0x00000000ec900000)
 ParOldGen       total 140288K, used 23910K [0x0000000080000000, 0x0000000088900000, 0x00000000d5580000)
  object space 140288K, 17% used [0x0000000080000000,0x0000000081759a90,0x0000000088900000)
 Metaspace       used 54702K, capacity 56871K, committed 57088K, reserved 1097728K
  class space    used 7916K, capacity 8369K, committed 8448K, reserved 1048576K
Event: 7.847 GC heap after
Heap after GC invocations=10 (full 2):
 PSYoungGen      total 350208K, used 19946K [0x00000000d5580000, 0x00000000edc00000, 0x0000000100000000)
  eden space 330240K, 0% used [0x00000000d5580000,0x00000000d5580000,0x00000000e9800000)
  from space 19968K, 99% used [0x00000000eb580000,0x00000000ec8faa18,0x00000000ec900000)
  to   space 30208K, 0% used [0x00000000e9800000,0x00000000e9800000,0x00000000eb580000)
 ParOldGen       total 140288K, used 41270K [0x0000000080000000, 0x0000000088900000, 0x00000000d5580000)
  object space 140288K, 29% used [0x0000000080000000,0x000000008284d9e0,0x0000000088900000)
 Metaspace       used 54702K, capacity 56871K, committed 57088K, reserved 1097728K
  class space    used 7916K, capacity 8369K, committed 8448K, reserved 1048576K
}
Event: 8.063 GC heap before
{Heap before GC invocations=11 (full 2):
 PSYoungGen      total 350208K, used 67642K [0x00000000d5580000, 0x00000000edc00000, 0x0000000100000000)
  eden space 330240K, 14% used [0x00000000d5580000,0x00000000d8413fc8,0x00000000e9800000)
  from space 19968K, 99% used [0x00000000eb580000,0x00000000ec8faa18,0x00000000ec900000)
  to   space 30208K, 0% used [0x00000000e9800000,0x00000000e9800000,0x00000000eb580000)
 ParOldGen       total 140288K, used 41270K [0x0000000080000000, 0x0000000088900000, 0x00000000d5580000)
  object space 140288K, 29% used [0x0000000080000000,0x000000008284d9e0,0x0000000088900000)
 Metaspace       used 56730K, capacity 58847K, committed 59096K, reserved 1099776K
  class space    used 8142K, capacity 8597K, committed 8664K, reserved 1048576K
Event: 8.081 GC heap after
Heap after GC invocations=11 (full 2):
 PSYoungGen      total 360448K, used 24270K [0x00000000d5580000, 0x00000000f5a80000, 0x0000000100000000)
  eden space 330240K, 0% used [0x00000000d5580000,0x00000000d5580000,0x00000000e9800000)
  from space 30208K, 80% used [0x00000000e9800000,0x00000000eafb3860,0x00000000eb580000)
  to   space 32768K, 0% used [0x00000000f3a80000,0x00000000f3a80000,0x00000000f5a80000)
 ParOldGen       total 140288K, used 41278K [0x0000000080000000, 0x0000000088900000, 0x00000000d5580000)
  object space 140288K, 29% used [0x0000000080000000,0x000000008284f9e0,0x0000000088900000)
 Metaspace       used 56730K, capacity 58847K, committed 59096K, reserved 1099776K
  class space    used 8142K, capacity 8597K, committed 8664K, reserved 1048576K
}
Event: 8.081 GC heap before
{Heap before GC invocations=12 (full 3):
 PSYoungGen      total 360448K, used 24270K [0x00000000d5580000, 0x00000000f5a80000, 0x0000000100000000)
  eden space 330240K, 0% used [0x00000000d5580000,0x00000000d5580000,0x00000000e9800000)
  from space 30208K, 80% used [0x00000000e9800000,0x00000000eafb3860,0x00000000eb580000)
  to   space 32768K, 0% used [0x00000000f3a80000,0x00000000f3a80000,0x00000000f5a80000)
 ParOldGen       total 140288K, used 41278K [0x0000000080000000, 0x0000000088900000, 0x00000000d5580000)
  object space 140288K, 29% used [0x0000000080000000,0x000000008284f9e0,0x0000000088900000)
 Metaspace       used 56730K, capacity 58847K, committed 59096K, reserved 1099776K
  class space    used 8142K, capacity 8597K, committed 8664K, reserved 1048576K

Deoptimization events (10 events):
Event: 7.855 Thread 0x000001ae717c0000 Uncommon trap: reason=class_check action=maybe_recompile pc=0x000001ae5a6fa0b4 method=java.lang.AbstractStringBuilder.append(Ljava/lang/CharSequence;II)Ljava/lang/AbstractStringBuilder; @ 18
Event: 7.855 Thread 0x000001ae717c0000 Uncommon trap: reason=class_check action=maybe_recompile pc=0x000001ae5a6fa0b4 method=java.lang.AbstractStringBuilder.append(Ljava/lang/CharSequence;II)Ljava/lang/AbstractStringBuilder; @ 18
Event: 7.855 Thread 0x000001ae717c0000 Uncommon trap: reason=class_check action=maybe_recompile pc=0x000001ae5a6fa0b4 method=java.lang.AbstractStringBuilder.append(Ljava/lang/CharSequence;II)Ljava/lang/AbstractStringBuilder; @ 18
Event: 7.869 Thread 0x000001ae717c0000 Uncommon trap: reason=class_check action=maybe_recompile pc=0x000001ae5aac6848 method=org.jetbrains.kotlin.protobuf.CodedInputStream.tryRefillBuffer(I)Z @ 177
Event: 7.871 Thread 0x000001ae717c0000 Uncommon trap: reason=class_check action=maybe_recompile pc=0x000001ae5aac6848 method=org.jetbrains.kotlin.protobuf.CodedInputStream.tryRefillBuffer(I)Z @ 177
Event: 7.874 Thread 0x000001ae717c0000 Uncommon trap: reason=class_check action=maybe_recompile pc=0x000001ae5aac6848 method=org.jetbrains.kotlin.protobuf.CodedInputStream.tryRefillBuffer(I)Z @ 177
Event: 7.874 Thread 0x000001ae717c0000 Uncommon trap: reason=class_check action=maybe_recompile pc=0x000001ae5aac6848 method=org.jetbrains.kotlin.protobuf.CodedInputStream.tryRefillBuffer(I)Z @ 177
Event: 8.001 Thread 0x000001ae717c0000 Uncommon trap: reason=unstable_if action=reinterpret pc=0x000001ae5aa4b700 method=org.jetbrains.kotlin.com.intellij.util.SmartList.get(I)Ljava/lang/Object; @ 13
Event: 8.047 Thread 0x000001ae717c0000 Uncommon trap: reason=unstable_if action=reinterpret pc=0x000001ae5abeb6c4 method=java.lang.Class$MethodArray.add(Ljava/lang/reflect/Method;)V @ 51
Event: 8.050 Thread 0x000001ae717c0000 Uncommon trap: reason=unstable_if action=reinterpret pc=0x000001ae5abf1718 method=java.lang.Class$MethodArray.addIfNotPresent(Ljava/lang/reflect/Method;)V @ 19

Classes redefined (0 events):
No events

Internal exceptions (10 events):
Event: 4.362 Thread 0x000001ae717c0000 Exception <a 'java/lang/IncompatibleClassChangeError': Found class java.lang.Object, but interface was expected> (0x00000000d7091160) thrown at [C:\jenkins\workspace\8-2-build-windows-x64-cygwin-sans-NAS\jdk8u391\514\hotspot\src\share\vm\interpreter\linkR
Event: 4.476 Thread 0x000001ae717c0000 Exception <a 'java/lang/NoSuchMethodError': java.lang.Object.lambda$comparing$ea9a8b3a$1(Ljava/util/Comparator;Ljava/util/function/Function;Ljava/lang/Object;Ljava/lang/Object;)I> (0x00000000d7cdcd80) thrown at [C:\jenkins\workspace\8-2-build-windows-x64-
Event: 4.479 Thread 0x000001ae717c0000 Exception <a 'java/lang/IncompatibleClassChangeError': Found class java.lang.Object, but interface was expected> (0x00000000d7d21c20) thrown at [C:\jenkins\workspace\8-2-build-windows-x64-cygwin-sans-NAS\jdk8u391\514\hotspot\src\share\vm\interpreter\linkR
Event: 4.499 Thread 0x000001ae717c0000 Exception <a 'java/lang/NoSuchMethodError': java.lang.Object.lambda$comparingByKey$bbdbfea9$1(Ljava/util/Map$Entry;Ljava/util/Map$Entry;)I> (0x00000000d811fe50) thrown at [C:\jenkins\workspace\8-2-build-windows-x64-cygwin-sans-NAS\jdk8u391\514\hotspot\src
Event: 5.464 Thread 0x000001ae717c0000 Exception <a 'java/lang/NoSuchMethodError': java.lang.Object.lambda$static$0()J> (0x00000000e0c59458) thrown at [C:\jenkins\workspace\8-2-build-windows-x64-cygwin-sans-NAS\jdk8u391\514\hotspot\src\share\vm\interpreter\linkResolver.cpp, line 620]
Event: 5.683 Thread 0x000001ae717c0000 Exception <a 'java/lang/NoSuchMethodError': java.lang.Object.lambda$static$0(I)[Lorg/jetbrains/kotlin/com/intellij/openapi/editor/event/DocumentListener;> (0x00000000e2b5a098) thrown at [C:\jenkins\workspace\8-2-build-windows-x64-cygwin-sans-NAS\jdk8u391\
Event: 5.734 Thread 0x000001ae717c0000 Exception <a 'java/lang/NoSuchMethodError': java.lang.Object.lambda$static$0(I)[Lorg/jetbrains/kotlin/com/intellij/psi/PsiAnnotation;> (0x00000000d5aba660) thrown at [C:\jenkins\workspace\8-2-build-windows-x64-cygwin-sans-NAS\jdk8u391\514\hotspot\src\shar
Event: 5.827 Thread 0x000001ae717c0000 Exception <a 'java/lang/NoSuchMethodError': java.lang.Object.lambda$static$0(I)[Lorg/jetbrains/kotlin/com/intellij/psi/PsiElement;> (0x00000000d6f81678) thrown at [C:\jenkins\workspace\8-2-build-windows-x64-cygwin-sans-NAS\jdk8u391\514\hotspot\src\share\v
Event: 7.513 Thread 0x000001ae717c0000 Exception <a 'java/lang/NoSuchMethodError': java.lang.Object.lambda$static$0(I)[Lorg/jetbrains/kotlin/psi/KtExpression;> (0x00000000df0d4db0) thrown at [C:\jenkins\workspace\8-2-build-windows-x64-cygwin-sans-NAS\jdk8u391\514\hotspot\src\share\vm\interpret
Event: 8.047 Thread 0x000001ae717c0000 Implicit null exception at 0x000001ae5abeb4a0 to 0x000001ae5abeb6b5

Events (10 events):
Event: 8.057 loading class org/jetbrains/kotlin/resolve/calls/smartcasts/DataFlowValue done
Event: 8.057 loading class org/jetbrains/kotlin/builtins/ReflectionTypes
Event: 8.057 loading class org/jetbrains/kotlin/builtins/ReflectionTypes done
Event: 8.058 loading class org/jetbrains/kotlin/resolve/deprecation/DeprecationResolver
Event: 8.058 loading class org/jetbrains/kotlin/resolve/deprecation/DeprecationResolver done
Event: 8.060 loading class org/jetbrains/kotlin/resolve/jvm/modules/JavaModuleResolver$AccessError
Event: 8.060 loading class org/jetbrains/kotlin/resolve/jvm/modules/JavaModuleResolver$AccessError done
Event: 8.062 loading class org/jetbrains/kotlin/descriptors/ValueParameterDescriptor
Event: 8.062 loading class org/jetbrains/kotlin/descriptors/ValueParameterDescriptor done
Event: 8.062 Executing VM operation: CollectForMetadataAllocation


Dynamic libraries:
0x00007ff7452e0000 - 0x00007ff74532a000 	C:\Program Files\Java\jdk-1.8\bin\java.exe
0x00007ffadafb0000 - 0x00007ffadb1a8000 	C:\WINDOWS\SYSTEM32\ntdll.dll
0x00007ffab4980000 - 0x00007ffab4999000 	C:\Program Files\Avast Software\Avast\aswhook.dll
0x00007ffadab40000 - 0x00007ffadabfd000 	C:\WINDOWS\System32\KERNEL32.DLL
0x00007ffad8b40000 - 0x00007ffad8e36000 	C:\WINDOWS\System32\KERNELBASE.dll
0x00007ffad9cc0000 - 0x00007ffad9d6f000 	C:\WINDOWS\System32\ADVAPI32.dll
0x00007ffad9fd0000 - 0x00007ffada06e000 	C:\WINDOWS\System32\msvcrt.dll
0x00007ffadac10000 - 0x00007ffadacac000 	C:\WINDOWS\System32\sechost.dll
0x00007ffada070000 - 0x00007ffada196000 	C:\WINDOWS\System32\RPCRT4.dll
0x00007ffadacb0000 - 0x00007ffadae4e000 	C:\WINDOWS\System32\USER32.dll
0x00007ffad8f60000 - 0x00007ffad8f82000 	C:\WINDOWS\System32\win32u.dll
0x00007ffad9760000 - 0x00007ffad978c000 	C:\WINDOWS\System32\GDI32.dll
0x00007ffad8e40000 - 0x00007ffad8f5a000 	C:\WINDOWS\System32\gdi32full.dll
0x00007ffad8690000 - 0x00007ffad872d000 	C:\WINDOWS\System32\msvcp_win.dll
0x00007ffad8870000 - 0x00007ffad8970000 	C:\WINDOWS\System32\ucrtbase.dll
0x00007ffacbc80000 - 0x00007ffacbf1a000 	C:\WINDOWS\WinSxS\amd64_microsoft.windows.common-controls_6595b64144ccf1df_6.0.19041.3636_none_60b6a03d71f818d5\COMCTL32.dll
0x00007ffad9d70000 - 0x00007ffad9da0000 	C:\WINDOWS\System32\IMM32.DLL
0x00007ffad4070000 - 0x00007ffad408b000 	C:\Program Files\Java\jdk-1.8\jre\bin\vcruntime140.dll
0x00007ffacb870000 - 0x00007ffacb87c000 	C:\Program Files\Java\jdk-1.8\jre\bin\vcruntime140_1.dll
0x00007ffab3b70000 - 0x00007ffab3bfe000 	C:\Program Files\Java\jdk-1.8\jre\bin\msvcp140.dll
0x00007ffa79e50000 - 0x00007ffa7a700000 	C:\Program Files\Java\jdk-1.8\jre\bin\server\jvm.dll
0x00007ffadac00000 - 0x00007ffadac08000 	C:\WINDOWS\System32\PSAPI.DLL
0x00007ffacaeb0000 - 0x00007ffacaed7000 	C:\WINDOWS\SYSTEM32\WINMM.dll
0x00007ffad2900000 - 0x00007ffad290a000 	C:\WINDOWS\SYSTEM32\VERSION.dll
0x00007ffacc910000 - 0x00007ffacc919000 	C:\WINDOWS\SYSTEM32\WSOCK32.dll
0x00007ffada560000 - 0x00007ffada5cb000 	C:\WINDOWS\System32\WS2_32.dll
0x00007ffad6570000 - 0x00007ffad6582000 	C:\WINDOWS\SYSTEM32\kernel.appcore.dll
0x00007ffac0f20000 - 0x00007ffac0f30000 	C:\Program Files\Java\jdk-1.8\jre\bin\verify.dll
0x00007ffac0ef0000 - 0x00007ffac0f1b000 	C:\Program Files\Java\jdk-1.8\jre\bin\java.dll
0x00007ffac0280000 - 0x00007ffac0298000 	C:\Program Files\Java\jdk-1.8\jre\bin\zip.dll
0x00007ffad9010000 - 0x00007ffad9755000 	C:\WINDOWS\System32\SHELL32.dll
0x00007ffad6770000 - 0x00007ffad6f0b000 	C:\WINDOWS\SYSTEM32\windows.storage.dll
0x00007ffada5d0000 - 0x00007ffada924000 	C:\WINDOWS\System32\combase.dll
0x00007ffad8080000 - 0x00007ffad80ad000 	C:\WINDOWS\SYSTEM32\Wldp.dll
0x00007ffad9790000 - 0x00007ffad983d000 	C:\WINDOWS\System32\SHCORE.dll
0x00007ffad9e90000 - 0x00007ffad9ee5000 	C:\WINDOWS\System32\shlwapi.dll
0x00007ffad85c0000 - 0x00007ffad85e5000 	C:\WINDOWS\SYSTEM32\profapi.dll
0x00007ffac0260000 - 0x00007ffac027c000 	C:\Program Files\Java\jdk-1.8\jre\bin\net.dll
0x00007ffad7d60000 - 0x00007ffad7dca000 	C:\WINDOWS\system32\mswsock.dll
0x00007ffabfd70000 - 0x00007ffabfd83000 	C:\Program Files\Java\jdk-1.8\jre\bin\nio.dll
0x00007ffaa3c20000 - 0x00007ffaa3c47000 	C:\Users\Ragnar\.gradle\native\68d5fa5c4cc2d200863cafc0d521ce42e7d3e7ee720ec0a83991735586a16f82\windows-amd64\native-platform.dll
0x00007ffa94860000 - 0x00007ffa949a4000 	C:\Users\Ragnar\.gradle\native\e376f236ea51e6404a007f0833ffe2c6e607c4080706a723a18a27aeea778392\windows-amd64\native-platform-file-events.dll
0x00007ffad4090000 - 0x00007ffad409d000 	C:\Program Files\Java\jdk-1.8\jre\bin\management.dll
0x00007ffad7fc0000 - 0x00007ffad7fd8000 	C:\WINDOWS\SYSTEM32\CRYPTSP.dll
0x00007ffad7690000 - 0x00007ffad76c4000 	C:\WINDOWS\system32\rsaenh.dll
0x00007ffad8fe0000 - 0x00007ffad9007000 	C:\WINDOWS\System32\bcrypt.dll
0x00007ffad8540000 - 0x00007ffad856e000 	C:\WINDOWS\SYSTEM32\USERENV.dll
0x00007ffad8730000 - 0x00007ffad87b2000 	C:\WINDOWS\System32\bcryptprimitives.dll
0x00007ffad7fb0000 - 0x00007ffad7fbc000 	C:\WINDOWS\SYSTEM32\CRYPTBASE.dll
0x00007ffad7a50000 - 0x00007ffad7a8b000 	C:\WINDOWS\SYSTEM32\IPHLPAPI.DLL
0x00007ffad9e80000 - 0x00007ffad9e88000 	C:\WINDOWS\System32\NSI.dll
0x00007ffad2fc0000 - 0x00007ffad2fd7000 	C:\WINDOWS\SYSTEM32\dhcpcsvc6.DLL
0x00007ffad2fa0000 - 0x00007ffad2fbd000 	C:\WINDOWS\SYSTEM32\dhcpcsvc.DLL
0x00007ffad7a90000 - 0x00007ffad7b5a000 	C:\WINDOWS\SYSTEM32\DNSAPI.dll
0x00007ffad0ac0000 - 0x00007ffad0ca4000 	C:\WINDOWS\SYSTEM32\dbghelp.dll

VM Arguments:
jvm_args: -Xmx2048m -Dfile.encoding=UTF-8 -Duser.country=MX -Duser.language=es -Duser.variant 
java_command: org.gradle.launcher.daemon.bootstrap.GradleDaemon 8.0
java_class_path (initial): C:\Users\Ragnar\.gradle\wrapper\dists\gradle-8.0-bin\ca5e32bp14vu59qr306oxotwh\gradle-8.0\lib\gradle-launcher-8.0.jar
Launcher Type: SUN_STANDARD

Environment Variables:
JAVA_HOME=C:\Program Files\Java\jdk-1.8
CLASSPATH=C:\Users\Ragnar\AndroidStudioProjects\AstrologiApp\\gradle\wrapper\gradle-wrapper.jar
PATH=C:\Program Files\Common Files\Oracle\Java\javapath;C:\Program Files (x86)\Common Files\Oracle\Java\javapath;C:\Windows\system32;C:\Windows;C:\Windows\System32\Wbem;C:\Windows\System32\WindowsPowerShell\v1.0\;C:\Windows\System32\OpenSSH\;C:\WINDOWS\system32;C:\WINDOWS;C:\WINDOWS\System32\Wbem;C:\WINDOWS\System32\WindowsPowerShell\v1.0\;C:\WINDOWS\System32\OpenSSH\;C:\Program Files (x86)\NVIDIA Corporation\PhysX\Common;C:\Program Files\NVIDIA Corporation\NVIDIA NvDLISR;C:\Program Files\Git\cmd;C:\Users\Ragnar\AppData\Local\Programs\Python\Python39\Scripts\;C:\Users\Ragnar\AppData\Local\Programs\Python\Python39\;C:\Users\Ragnar\AppData\Local\Microsoft\WindowsApps;C:\Users\Ragnar\AppData\Local\atom\bin;C:\Program Files\gs\gs10.01.1\bin;C:\Program Files\gs\gs10.01.1\lib;
USERNAME=Ragnar
OS=Windows_NT
PROCESSOR_IDENTIFIER=Intel64 Family 6 Model 60 Stepping 3, GenuineIntel



---------------  S Y S T E M  ---------------

OS: Windows 10 , 64 bit Build 19041 (10.0.19041.3636)

CPU:total 4 (initial active 4) (4 cores per cpu, 1 threads per core) family 6 model 60 stepping 3, cmov, cx8, fxsr, mmx, sse, sse2, sse3, ssse3, sse4.1, sse4.2, popcnt, avx, avx2, aes, clmul, erms, lzcnt, tsc, tscinvbit, bmi1, bmi2

Memory: 4k page, physical 16674820k(2998116k free), swap 21581724k(2780668k free)

vm_info: Java HotSpot(TM) 64-Bit Server VM (25.391-b13) for windows-amd64 JRE (1.8.0_391-b13), built on Oct  4 2023 07:54:08 by "java_re" with MS VC++ 17.1 (VS2022)

time: Fri Jan  5 18:04:15 2024
timezone: Hora estándar central (México)
elapsed time: 8.154662 seconds (0d 0h 0m 8s)

